Using pre-set license

 COMMAND LINE ARGUMENTS:
/Applications/Unity/Unity.app/Contents/MacOS/Unity
-adb2
-batchMode
-noUpm
-name
AssetImportWorker0
-projectPath
/Users/xulide/Thinking&illusion
-logFile
Logs/AssetImportWorker0.log
-srvPort
64560
Successfully changed project path to: /Users/xulide/Thinking&illusion
/Users/xulide/Thinking&illusion
Using Asset Import Pipeline V2.
Refreshing native plugins compatible for Editor in 31.53 ms, found 2 plugins.
Preloading 0 native plugins for Editor in 0.00 ms.
Initialize engine version: 2020.2.1f1c1 (252d8215dd99)
[Subsystems] Discovering subsystems at path /Applications/Unity/Unity.app/Contents/Resources/UnitySubsystems
[Subsystems] Discovering subsystems at path /Users/xulide/Thinking&illusion/Assets
GfxDevice: creating device client; threaded=0
2021-02-07 20:32:41.479 Unity[2156:1743162] SFX-ARBI2X4 preferred device: AMD Radeon Pro 5300M (high power)
2021-02-07 20:32:41.479 Unity[2156:1743162] Metal devices available: 2
2021-02-07 20:32:41.479 Unity[2156:1743162] 0: AMD Radeon Pro 5300M (high power)
2021-02-07 20:32:41.480 Unity[2156:1743162] 1: Intel(R) UHD Graphics 630 (low power)
2021-02-07 20:32:41.480 Unity[2156:1743162] Using device AMD Radeon Pro 5300M (high power)
Initializing Metal device caps: AMD Radeon Pro 5300M
Initialize mono
Mono path[0] = '/Applications/Unity/Unity.app/Contents/Managed'
Mono path[1] = '/Applications/Unity/Unity.app/Contents/MonoBleedingEdge/lib/mono/unityjit'
Mono config path = '/Applications/Unity/Unity.app/Contents/MonoBleedingEdge/etc'
Using monoOptions --debugger-agent=transport=dt_socket,embedding=1,server=y,suspend=n,address=127.0.0.1:56156
Begin MonoManager ReloadAssembly
Registering precompiled unity dll's ...
Register platform support module: /Applications/Unity/Unity.app/Contents/PlaybackEngines/MacStandaloneSupport/UnityEditor.OSXStandalone.Extensions.dll
Registered in 0.001566 seconds.
Native extension for OSXStandalone target not found
Refreshing native plugins compatible for Editor in 34.66 ms, found 2 plugins.
Preloading 0 native plugins for Editor in 0.00 ms.
Invoked RoslynAnalysisRunner static constructor.
RoslynAnalysisRunner will not be running.
RoslynAnalysisRunner has terminated.
Mono: successfully reloaded assembly
- Completed reload, in  2.078 seconds
Platform modules already initialized, skipping
Registering precompiled user dll's ...
Registered in 0.001405 seconds.
Begin MonoManager ReloadAssembly
Native extension for OSXStandalone target not found
Refreshing native plugins compatible for Editor in 31.37 ms, found 2 plugins.
Preloading 0 native plugins for Editor in 0.00 ms.
Invoked RoslynAnalysisRunner static constructor.
RoslynAnalysisRunner will not be running.
RoslynAnalysisRunner has terminated.
Mono: successfully reloaded assembly
- Completed reload, in  1.048 seconds
Platform modules already initialized, skipping
========================================================================
Worker process is ready to serve import requests
Launching external process: /Applications/Unity/Unity.app/Contents/Tools/UnityShaderCompiler
Launched and connected shader compiler UnityShaderCompiler after 0.02 seconds
Refreshing native plugins compatible for Editor in 0.37 ms, found 2 plugins.
Preloading 0 native plugins for Editor in 0.00 ms.
Unloading 1787 Unused Serialized files (Serialized files now loaded: 0)
System memory in use before: 141.0 MB.
System memory in use after: 141.0 MB.

Unloading 24 unused Assets to reduce memory usage. Loaded Objects now: 2227.
Total: 2.499582 ms (FindLiveObjects: 0.258085 ms CreateObjectMapping: 0.108983 ms MarkObjects: 1.999531 ms  DeleteObjects: 0.131851 ms)

========================================================================
Received Import Request.
  path: Assets/Fonts
  artifactKey: Guid(7fde4cb6953bd4a748a0db215ca1efb9) Importer(815301076,1909f56bfc062723c751e8b465ee728b)
Start importing Assets/Fonts using Guid(7fde4cb6953bd4a748a0db215ca1efb9) Importer(815301076,1909f56bfc062723c751e8b465ee728b)  -> (artifact id: '67cc1d93e7381af5774341898d9d025c') in 0.004419 seconds
  Import took 0.008335 seconds .

========================================================================
Received Import Request.
  Time since last request: 5.918429 seconds.
  path: Assets/New Folder
  artifactKey: Guid(1b68b736060f146c29a242c54c8fbc84) Importer(815301076,1909f56bfc062723c751e8b465ee728b)
Start importing Assets/New Folder using Guid(1b68b736060f146c29a242c54c8fbc84) Importer(815301076,1909f56bfc062723c751e8b465ee728b)  -> (artifact id: '9b8c2fdce26b2c25064e4aa5688de09b') in 0.003623 seconds
  Import took 0.006878 seconds .

