Using pre-set license
Built from '2020.2/china_unity/release' branch; Version is '2020.2.3f1c1 (0868e01cc8b5) revision 551136'; Using compiler version '192528614'; Build Type 'Release'
OS: 'Windows 10 Home China; OS build 19041.423; Version 2004; 64bit' Language: 'zh' Physical Memory: 16183 MB
BatchMode: 1, IsHumanControllingUs: 0, StartBugReporterOnCrash: 0, Is64bit: 1, IsPro: 0

 COMMAND LINE ARGUMENTS:
D:\unity\Editor\Unity.exe
-adb2
-batchMode
-noUpm
-name
AssetImportWorker0
-projectPath
D:/u2dcard/u2d/card-game
-logFile
Logs/AssetImportWorker0.log
-srvPort
50748
Successfully changed project path to: D:/u2dcard/u2d/card-game
D:/u2dcard/u2d/card-game
Using Asset Import Pipeline V2.
Refreshing native plugins compatible for Editor in 76.68 ms, found 1 plugins.
Preloading 0 native plugins for Editor in 0.00 ms.
Initialize engine version: 2020.2.3f1c1 (0868e01cc8b5)
[Subsystems] Discovering subsystems at path D:/unity/Editor/Data/Resources/UnitySubsystems
[Subsystems] Discovering subsystems at path D:/u2dcard/u2d/card-game/Assets
GfxDevice: creating device client; threaded=0
Direct3D:
    Version:  Direct3D 11.0 [level 11.1]
    Renderer: NVIDIA GeForce MX450 (ID=0x1f97)
    Vendor:   
    VRAM:     1928 MB
    Driver:   27.21.14.5211
Initialize mono
Mono path[0] = 'D:/unity/Editor/Data/Managed'
Mono path[1] = 'D:/unity/Editor/Data/MonoBleedingEdge/lib/mono/unityjit'
Mono config path = 'D:/unity/Editor/Data/MonoBleedingEdge/etc'
Using monoOptions --debugger-agent=transport=dt_socket,embedding=1,server=y,suspend=n,address=127.0.0.1:56416
Begin MonoManager ReloadAssembly
Registering precompiled unity dll's ...
Register platform support module: D:/unity/Editor/Data/PlaybackEngines/WindowsStandaloneSupport/UnityEditor.WindowsStandalone.Extensions.dll
Registered in 0.003542 seconds.
Native extension for WindowsStandalone target not found
Refreshing native plugins compatible for Editor in 79.94 ms, found 1 plugins.
Preloading 0 native plugins for Editor in 0.00 ms.
Invoked RoslynAnalysisRunner static constructor.
RoslynAnalysisRunner will not be running.
RoslynAnalysisRunner has terminated.
Mono: successfully reloaded assembly
- Completed reload, in  1.317 seconds
Platform modules already initialized, skipping
Registering precompiled user dll's ...
Registered in 0.001463 seconds.
Begin MonoManager ReloadAssembly
Native extension for WindowsStandalone target not found
Refreshing native plugins compatible for Editor in 78.07 ms, found 1 plugins.
Preloading 0 native plugins for Editor in 0.00 ms.
Invoked RoslynAnalysisRunner static constructor.
RoslynAnalysisRunner will not be running.
RoslynAnalysisRunner has terminated.
Mono: successfully reloaded assembly
- Completed reload, in  1.652 seconds
Platform modules already initialized, skipping
========================================================================
Worker process is ready to serve import requests
Launched and connected shader compiler UnityShaderCompiler.exe after 0.10 seconds
Refreshing native plugins compatible for Editor in 0.46 ms, found 1 plugins.
Preloading 0 native plugins for Editor in 0.00 ms.
Unloading 1959 Unused Serialized files (Serialized files now loaded: 0)
System memory in use before: 88.6 MB.
System memory in use after: 88.7 MB.

Unloading 19 unused Assets to reduce memory usage. Loaded Objects now: 2407.
Total: 2.419100 ms (FindLiveObjects: 0.294300 ms CreateObjectMapping: 0.078000 ms MarkObjects: 1.971800 ms  DeleteObjects: 0.073500 ms)

========================================================================
Received Import Request.
  path: Assets/CCGKit/Demo/Prefabs/FightTargetingArrow.prefab
  artifactKey: Guid(220963b2578d8254bac3491a4421740a) Importer(815301076,1909f56bfc062723c751e8b465ee728b)
Start importing Assets/CCGKit/Demo/Prefabs/FightTargetingArrow.prefab using Guid(220963b2578d8254bac3491a4421740a) Importer(815301076,1909f56bfc062723c751e8b465ee728b)  -> (artifact id: 'd1ffe2bcfa1249bbe8112db25e21c7d6') in 0.035436 seconds
  Import took 0.037953 seconds .

========================================================================
Received Import Request.
  Time since last request: 0.000385 seconds.
  path: Assets/CCGKit/Demo/Resources/PopupTwoButtons.prefab
  artifactKey: Guid(44548eb3adb42b44bb0a5ccdf950644a) Importer(815301076,1909f56bfc062723c751e8b465ee728b)
Start importing Assets/CCGKit/Demo/Resources/PopupTwoButtons.prefab using Guid(44548eb3adb42b44bb0a5ccdf950644a) Importer(815301076,1909f56bfc062723c751e8b465ee728b)  -> (artifact id: 'c0976fef42228b5fae7b0f4040237b8c') in 0.008497 seconds
  Import took 0.011136 seconds .

========================================================================
Received Import Request.
  Time since last request: 0.000326 seconds.
  path: Assets/CCGKit/Demo/Prefabs/DemoAIPlayer.prefab
  artifactKey: Guid(64b29dcd4eafb464781d1a22d199ec6e) Importer(815301076,1909f56bfc062723c751e8b465ee728b)
Start importing Assets/CCGKit/Demo/Prefabs/DemoAIPlayer.prefab using Guid(64b29dcd4eafb464781d1a22d199ec6e) Importer(815301076,1909f56bfc062723c751e8b465ee728b)  -> (artifact id: '3313f00a3ed725d2305d15939ea7afd6') in 0.002873 seconds
  Import took 0.005563 seconds .

========================================================================
Received Import Request.
  Time since last request: 0.000306 seconds.
  path: Packages/com.unity.2d.spriteshape/Editor/ObjectMenuCreation/DefaultAssets/Sprite Shapes/Open Sprite Shape.prefab
  artifactKey: Guid(86ae7de409eb54f619fb1328e4d42480) Importer(815301076,1909f56bfc062723c751e8b465ee728b)
Start importing Packages/com.unity.2d.spriteshape/Editor/ObjectMenuCreation/DefaultAssets/Sprite Shapes/Open Sprite Shape.prefab using Guid(86ae7de409eb54f619fb1328e4d42480) Importer(815301076,1909f56bfc062723c751e8b465ee728b)  -> (artifact id: '1cbc19fc57d57d9a577c117710e7812d') in 0.014642 seconds
  Import took 0.018808 seconds .

========================================================================
Received Import Request.
  Time since last request: 0.000363 seconds.
  path: Assets/CCGKit/Demo/Prefabs/CreatureCard.prefab
  artifactKey: Guid(3e2eb5fbe61ddce49b9e848b89eed4f2) Importer(815301076,1909f56bfc062723c751e8b465ee728b)
Start importing Assets/CCGKit/Demo/Prefabs/CreatureCard.prefab using Guid(3e2eb5fbe61ddce49b9e848b89eed4f2) Importer(815301076,1909f56bfc062723c751e8b465ee728b)  -> (artifact id: '2941af5e657594c72ff5af8f712b17b7') in 0.153210 seconds
  Import took 0.157265 seconds .

========================================================================
Received Import Request.
  Time since last request: 0.000422 seconds.
  path: Assets/CCGKit/Demo/Resources/PopupLoading.prefab
  artifactKey: Guid(49b73047cb65dc948ad5734239d0a8bf) Importer(815301076,1909f56bfc062723c751e8b465ee728b)
Start importing Assets/CCGKit/Demo/Resources/PopupLoading.prefab using Guid(49b73047cb65dc948ad5734239d0a8bf) Importer(815301076,1909f56bfc062723c751e8b465ee728b)  -> (artifact id: '4984233187c9815199719fcc910e314c') in 0.004757 seconds
  Import took 0.007555 seconds .

========================================================================
Received Import Request.
  Time since last request: 0.000260 seconds.
  path: Assets/CCGKit/Demo/Prefabs/PopupChat.prefab
  artifactKey: Guid(e90258f3e0f8d944cbbef21ab82e044f) Importer(815301076,1909f56bfc062723c751e8b465ee728b)
Start importing Assets/CCGKit/Demo/Prefabs/PopupChat.prefab using Guid(e90258f3e0f8d944cbbef21ab82e044f) Importer(815301076,1909f56bfc062723c751e8b465ee728b)  -> (artifact id: '761502981b7b7086c97c2ad83dd39a58') in 0.015478 seconds
  Import took 0.018561 seconds .

========================================================================
Received Import Request.
  Time since last request: 0.000298 seconds.
  path: Assets/CCGKit/Demo/Prefabs/OpponentTargetingArrow.prefab
  artifactKey: Guid(3a431f6b2d6393d4e806cd54fbe3bda9) Importer(815301076,1909f56bfc062723c751e8b465ee728b)
Start importing Assets/CCGKit/Demo/Prefabs/OpponentTargetingArrow.prefab using Guid(3a431f6b2d6393d4e806cd54fbe3bda9) Importer(815301076,1909f56bfc062723c751e8b465ee728b)  -> (artifact id: '6ab2863484f3fdfbdcd075da699e731d') in 0.003884 seconds
  Import took 0.008277 seconds .

========================================================================
Received Import Request.
  Time since last request: 0.000334 seconds.
  path: Assets/CCGKit/Demo/Resources/PopupSignup.prefab
  artifactKey: Guid(b7fd74b1e9a329f4d9eee8181bda3582) Importer(815301076,1909f56bfc062723c751e8b465ee728b)
Start importing Assets/CCGKit/Demo/Resources/PopupSignup.prefab using Guid(b7fd74b1e9a329f4d9eee8181bda3582) Importer(815301076,1909f56bfc062723c751e8b465ee728b)  -> (artifact id: '174d2f07a23510db4e69e73bcb8b19bc') in 0.009726 seconds
  Import took 0.015852 seconds .

========================================================================
Received Import Request.
  Time since last request: 0.000340 seconds.
  path: Assets/CCGKit/Demo/Prefabs/SpellTargetingArrow.prefab
  artifactKey: Guid(2cc2976954c9cd1489185931d562ad97) Importer(815301076,1909f56bfc062723c751e8b465ee728b)
Start importing Assets/CCGKit/Demo/Prefabs/SpellTargetingArrow.prefab using Guid(2cc2976954c9cd1489185931d562ad97) Importer(815301076,1909f56bfc062723c751e8b465ee728b)  -> (artifact id: '5af7375981da518f62917d385c939ecd') in 0.006487 seconds
  Import took 0.011873 seconds .

========================================================================
Received Import Request.
  Time since last request: 0.000398 seconds.
  path: Packages/com.unity.2d.spriteshape/Editor/ObjectMenuCreation/DefaultAssets/Sprite Shapes/Closed Sprite Shape.prefab
  artifactKey: Guid(c0583b4e855c74b8c82e7b9b5efb5ce9) Importer(815301076,1909f56bfc062723c751e8b465ee728b)
Start importing Packages/com.unity.2d.spriteshape/Editor/ObjectMenuCreation/DefaultAssets/Sprite Shapes/Closed Sprite Shape.prefab using Guid(c0583b4e855c74b8c82e7b9b5efb5ce9) Importer(815301076,1909f56bfc062723c751e8b465ee728b)  -> (artifact id: '34bc49096dffae771ba58cc2b97172af') in 0.007097 seconds
  Import took 0.011858 seconds .

========================================================================
Received Import Request.
  Time since last request: 0.000240 seconds.
  path: Assets/CCGKit/Demo/Prefabs/CardListItem.prefab
  artifactKey: Guid(ad3dcf829ffbf41cf8cc1a4e4987424d) Importer(815301076,1909f56bfc062723c751e8b465ee728b)
Start importing Assets/CCGKit/Demo/Prefabs/CardListItem.prefab using Guid(ad3dcf829ffbf41cf8cc1a4e4987424d) Importer(815301076,1909f56bfc062723c751e8b465ee728b)  -> (artifact id: 'f0ee178211eed6e6140aebdccdb3bfc1') in 0.010383 seconds
  Import took 0.016193 seconds .

========================================================================
Received Import Request.
  Time since last request: 0.000407 seconds.
  path: Assets/CCGKit/Demo/Resources/PopupPassword.prefab
  artifactKey: Guid(ad6550a944607f545b2eaec9082e73d3) Importer(815301076,1909f56bfc062723c751e8b465ee728b)
Start importing Assets/CCGKit/Demo/Resources/PopupPassword.prefab using Guid(ad6550a944607f545b2eaec9082e73d3) Importer(815301076,1909f56bfc062723c751e8b465ee728b)  -> (artifact id: '624e1ebe9076b4a591fab71955980aac') in 0.011391 seconds
  Import took 0.017269 seconds .

========================================================================
Received Import Request.
  Time since last request: 0.000345 seconds.
  path: Assets/CCGKit/Demo/Prefabs/ChatTextLine.prefab
  artifactKey: Guid(f2fff6b4975ad97458b2a045ad65cfe5) Importer(815301076,1909f56bfc062723c751e8b465ee728b)
Start importing Assets/CCGKit/Demo/Prefabs/ChatTextLine.prefab using Guid(f2fff6b4975ad97458b2a045ad65cfe5) Importer(815301076,1909f56bfc062723c751e8b465ee728b)  -> (artifact id: '8be5fffc69e44c54e81c49694ac8b29d') in 0.005846 seconds
  Import took 0.009868 seconds .

========================================================================
Received Import Request.
  Time since last request: 0.000359 seconds.
  path: Assets/CCGKit/Demo/Prefabs/DemoPlayer.prefab
  artifactKey: Guid(45a01629bfe611f449fc6b19354b0877) Importer(815301076,1909f56bfc062723c751e8b465ee728b)
Start importing Assets/CCGKit/Demo/Prefabs/DemoPlayer.prefab using Guid(45a01629bfe611f449fc6b19354b0877) Importer(815301076,1909f56bfc062723c751e8b465ee728b)  -> (artifact id: '6e9dc73df15595b3d02e1886e3ec17ab') in 0.006010 seconds
  Import took 0.011126 seconds .

========================================================================
Received Import Request.
  Time since last request: 0.000258 seconds.
  path: Assets/CCGKit/Demo/Prefabs/OpponentCard.prefab
  artifactKey: Guid(c2e085de934874c5a876cabfe24a44c3) Importer(815301076,1909f56bfc062723c751e8b465ee728b)
Start importing Assets/CCGKit/Demo/Prefabs/OpponentCard.prefab using Guid(c2e085de934874c5a876cabfe24a44c3) Importer(815301076,1909f56bfc062723c751e8b465ee728b)  -> (artifact id: 'b5d73133a2ab85aa6dcf60d6e82d016a') in 0.038852 seconds
  Import took 0.044337 seconds .

========================================================================
Received Import Request.
  Time since last request: 0.000348 seconds.
  path: Assets/CCGKit/Demo/Prefabs/BoardCreature.prefab
  artifactKey: Guid(69ebdb0285d64c94f96d793ceb5aa93c) Importer(815301076,1909f56bfc062723c751e8b465ee728b)
Start importing Assets/CCGKit/Demo/Prefabs/BoardCreature.prefab using Guid(69ebdb0285d64c94f96d793ceb5aa93c) Importer(815301076,1909f56bfc062723c751e8b465ee728b)  -> (artifact id: '29352ceb9893d1951410012746ed9fc3') in 0.045353 seconds
  Import took 0.049406 seconds .

========================================================================
Received Import Request.
  Time since last request: 0.000461 seconds.
  path: Assets/CCGKit/Demo/Prefabs/GameListItem.prefab
  artifactKey: Guid(858129deeed264f6bb6a92782b04abec) Importer(815301076,1909f56bfc062723c751e8b465ee728b)
Start importing Assets/CCGKit/Demo/Prefabs/GameListItem.prefab using Guid(858129deeed264f6bb6a92782b04abec) Importer(815301076,1909f56bfc062723c751e8b465ee728b)  -> (artifact id: '03c1df05fab08c3e4fb5bc8eedd56433') in 0.010136 seconds
  Import took 0.014152 seconds .

========================================================================
Received Import Request.
  Time since last request: 0.000294 seconds.
  path: Assets/CCGKit/Demo/Resources/PopupTurnStart.prefab
  artifactKey: Guid(765b906ffbec041a0a8d67d7f811b5e5) Importer(815301076,1909f56bfc062723c751e8b465ee728b)
Start importing Assets/CCGKit/Demo/Resources/PopupTurnStart.prefab using Guid(765b906ffbec041a0a8d67d7f811b5e5) Importer(815301076,1909f56bfc062723c751e8b465ee728b)  -> (artifact id: '2699cccbf1e32c5edc480b763e5fbae6') in 0.004404 seconds
  Import took 0.008810 seconds .

========================================================================
Received Import Request.
  Time since last request: 0.000319 seconds.
  path: Assets/CCGKit/Demo/Prefabs/DeckItem.prefab
  artifactKey: Guid(a6e904877df8949ddb880fd4517707dc) Importer(815301076,1909f56bfc062723c751e8b465ee728b)
Start importing Assets/CCGKit/Demo/Prefabs/DeckItem.prefab using Guid(a6e904877df8949ddb880fd4517707dc) Importer(815301076,1909f56bfc062723c751e8b465ee728b)  -> (artifact id: 'a745776cdc1fd3928f839faeaf641046') in 0.006749 seconds
  Import took 0.011245 seconds .

========================================================================
Received Import Request.
  Time since last request: 0.000341 seconds.
  path: Assets/CCGKit/Demo/Prefabs/CardDeckAmountBox.prefab
  artifactKey: Guid(ffb03cc8d164f408797d77f8f7786005) Importer(815301076,1909f56bfc062723c751e8b465ee728b)
Start importing Assets/CCGKit/Demo/Prefabs/CardDeckAmountBox.prefab using Guid(ffb03cc8d164f408797d77f8f7786005) Importer(815301076,1909f56bfc062723c751e8b465ee728b)  -> (artifact id: '11002b05ab6e4bc811d524158d529e12') in 0.017941 seconds
  Import took 0.023042 seconds .

========================================================================
Received Import Request.
  Time since last request: 0.000533 seconds.
  path: Assets/CCGKit/Demo/Prefabs/DeckItemCreate.prefab
  artifactKey: Guid(78eeb9254772b4e3fa8de4b00f2c7d31) Importer(815301076,1909f56bfc062723c751e8b465ee728b)
Start importing Assets/CCGKit/Demo/Prefabs/DeckItemCreate.prefab using Guid(78eeb9254772b4e3fa8de4b00f2c7d31) Importer(815301076,1909f56bfc062723c751e8b465ee728b)  -> (artifact id: '2e3551860c392c7a883348ac953a91b3') in 0.008903 seconds
  Import took 0.014650 seconds .

========================================================================
Received Import Request.
  Time since last request: 0.000398 seconds.
  path: Assets/CCGKit/Demo/Resources/PopupLogin.prefab
  artifactKey: Guid(52e966e81148f34489d90f5cacf7b1b3) Importer(815301076,1909f56bfc062723c751e8b465ee728b)
Start importing Assets/CCGKit/Demo/Resources/PopupLogin.prefab using Guid(52e966e81148f34489d90f5cacf7b1b3) Importer(815301076,1909f56bfc062723c751e8b465ee728b)  -> (artifact id: 'c1b5c160da23cf7d05b312a72b9848d9') in 0.012145 seconds
  Import took 0.018172 seconds .

========================================================================
Received Import Request.
  Time since last request: 0.000325 seconds.
  path: Assets/CCGKit/Demo/Resources/PopupOneButton.prefab
  artifactKey: Guid(eaae0049aa02c4501b056b30c8faacd6) Importer(815301076,1909f56bfc062723c751e8b465ee728b)
Start importing Assets/CCGKit/Demo/Resources/PopupOneButton.prefab using Guid(eaae0049aa02c4501b056b30c8faacd6) Importer(815301076,1909f56bfc062723c751e8b465ee728b)  -> (artifact id: 'bca372fef3d0cec7098ecbb6c388cc4a') in 0.008113 seconds
  Import took 0.013621 seconds .

========================================================================
Received Import Request.
  Time since last request: 0.000284 seconds.
  path: Assets/CCGKit/Demo/Prefabs/SpellCard.prefab
  artifactKey: Guid(d74a1cb162a060d459abb43b4cc47cdb) Importer(815301076,1909f56bfc062723c751e8b465ee728b)
Start importing Assets/CCGKit/Demo/Prefabs/SpellCard.prefab using Guid(d74a1cb162a060d459abb43b4cc47cdb) Importer(815301076,1909f56bfc062723c751e8b465ee728b)  -> (artifact id: '13ba8ceca075b409054e4a4b39e25852') in 0.019439 seconds
  Import took 0.025552 seconds .

========================================================================
Received Import Request.
  Time since last request: 16.918066 seconds.
  path: Assets/CCGKit/Demo/Prefabs
  artifactKey: Guid(6bb2b73a31d6f6c40907ce78bfcc62c6) Importer(815301076,1909f56bfc062723c751e8b465ee728b)
Start importing Assets/CCGKit/Demo/Prefabs using Guid(6bb2b73a31d6f6c40907ce78bfcc62c6) Importer(815301076,1909f56bfc062723c751e8b465ee728b)  -> (artifact id: '7ffe28f03bce8237e9c00e96a285d250') in 0.004178 seconds
  Import took 0.009205 seconds .

========================================================================
Received Import Request.
  Time since last request: 11.189170 seconds.
  path: Packages/com.unity.2d.sprite/package.json
  artifactKey: Guid(7dc5f1e5d04ac8549ac21802071e983b) Importer(815301076,1909f56bfc062723c751e8b465ee728b)
Start importing Packages/com.unity.2d.sprite/package.json using Guid(7dc5f1e5d04ac8549ac21802071e983b) Importer(815301076,1909f56bfc062723c751e8b465ee728b)  -> (artifact id: '17791daffea1f8e395764cba32dcae2e') in 0.009358 seconds
  Import took 0.014476 seconds .

========================================================================
Received Import Request.
  Time since last request: 2.330219 seconds.
  path: Packages/com.unity.2d.sprite/Editor/Unity.2D.Sprite.Editor.asmdef
  artifactKey: Guid(2c573e6b271651846a79655161004c5b) Importer(815301076,1909f56bfc062723c751e8b465ee728b)
Start importing Packages/com.unity.2d.sprite/Editor/Unity.2D.Sprite.Editor.asmdef using Guid(2c573e6b271651846a79655161004c5b) Importer(815301076,1909f56bfc062723c751e8b465ee728b)  -> (artifact id: '8fe97ec3c8b77fc28cb9682d85f7d097') in 0.007686 seconds
  Import took 0.013539 seconds .

========================================================================
Received Import Request.
  Time since last request: 25.988165 seconds.
  path: Assets
  artifactKey: Guid(00000000000000001000000000000000) Importer(815301076,1909f56bfc062723c751e8b465ee728b)
Start importing Assets using Guid(00000000000000001000000000000000) Importer(815301076,1909f56bfc062723c751e8b465ee728b)  -> (artifact id: '289627fb2274968c68a7c828275b133d') in 0.004531 seconds
  Import took 0.009347 seconds .

========================================================================
Received Import Request.
  Time since last request: 14.659563 seconds.
  path: Assets/prefubs
  artifactKey: Guid(e416182abd8e45347b15801697bf949e) Importer(815301076,1909f56bfc062723c751e8b465ee728b)
Start importing Assets/prefubs using Guid(e416182abd8e45347b15801697bf949e) Importer(815301076,1909f56bfc062723c751e8b465ee728b)  -> (artifact id: 'a621a78ec35f2cf5912eacbbbe5a4570') in 0.004138 seconds
  Import took 0.009387 seconds .

========================================================================
Received Import Request.
  Time since last request: 0.004331 seconds.
  path: Assets/prefubs
  artifactKey: Guid(e416182abd8e45347b15801697bf949e) Importer(815301076,1909f56bfc062723c751e8b465ee728b)
Start importing Assets/prefubs using Guid(e416182abd8e45347b15801697bf949e) Importer(815301076,1909f56bfc062723c751e8b465ee728b)  -> (artifact id: 'a621a78ec35f2cf5912eacbbbe5a4570') in 0.003959 seconds
  Import took 0.009702 seconds .

========================================================================
Received Import Request.
  Time since last request: 15.048069 seconds.
  path: Assets/prefabs
  artifactKey: Guid(e416182abd8e45347b15801697bf949e) Importer(815301076,1909f56bfc062723c751e8b465ee728b)
Start importing Assets/prefabs using Guid(e416182abd8e45347b15801697bf949e) Importer(815301076,1909f56bfc062723c751e8b465ee728b)  -> (artifact id: 'a1b7da947ece1be426cf3ffba2b40598') in 0.004584 seconds
  Import took 0.009822 seconds .

========================================================================
Received Import Request.
  Time since last request: 2517.139926 seconds.
  path: Assets/prefabs/PlayerArea.prefab
  artifactKey: Guid(f25e612cf2294214086b8a0f021a8700) Importer(815301076,1909f56bfc062723c751e8b465ee728b)
Start importing Assets/prefabs/PlayerArea.prefab using Guid(f25e612cf2294214086b8a0f021a8700) Importer(815301076,1909f56bfc062723c751e8b465ee728b)  -> (artifact id: 'd4e4385cea762d13cbbdcfc979f6320a') in 0.017922 seconds
  Import took 0.025444 seconds .

========================================================================
Received Import Request.
  Time since last request: 0.001064 seconds.
  path: Assets/prefabs/PlayerArea.prefab
  artifactKey: Guid(f25e612cf2294214086b8a0f021a8700) Importer(815301076,1909f56bfc062723c751e8b465ee728b)
Start importing Assets/prefabs/PlayerArea.prefab using Guid(f25e612cf2294214086b8a0f021a8700) Importer(815301076,1909f56bfc062723c751e8b465ee728b)  -> (artifact id: 'd4e4385cea762d13cbbdcfc979f6320a') in 0.007442 seconds
  Import took 0.011923 seconds .

AssetImportWorkerClient::OnTransportError - code=2 error=End of file
